<?xml version="1.0" encoding="UTF-8"?>
<!-- Generated by org.testng.reporters.JUnitReportReporter -->
<testsuite skipped="0" hostname="Avinash-PC" name="httprequests.pathqueryparameters" tests="1" failures="0" timestamp="03 Sep 2023 13:10:55 GMT" time="2.595" errors="0">
  <testcase name="testallheaders" time="2.595" classname="httprequests.pathqueryparameters"/>
</testsuite> <!-- httprequests.pathqueryparameters -->
