<?xml version="1.0" encoding="UTF-8"?>
<!-- Generated by org.testng.reporters.JUnitReportReporter -->
<testsuite skipped="0" hostname="Avinash-PC" name="httprequests.studentapi" tests="2" failures="0" timestamp="03 Sep 2023 09:39:25 GMT" time="5.919" errors="0">
  <testcase name="pojoimplementation" time="5.755" classname="httprequests.studentapi"/>
  <testcase name="extjsonfile" time="0.164" classname="httprequests.studentapi"/>
</testsuite> <!-- httprequests.studentapi -->
