<?xml version="1.0" encoding="UTF-8"?>
<!-- Generated by org.testng.reporters.JUnitReportReporter -->
<testsuite skipped="0" hostname="Avinash-PC" name="httprequests.httprequests" tests="4" failures="0" timestamp="28 Aug 2023 06:13:53 GMT" time="6.168" errors="0">
  <testcase name="getUser" time="3.701" classname="httprequests.httprequests"/>
  <testcase name="createUser" time="1.162" classname="httprequests.httprequests"/>
  <testcase name="updateUser" time="0.649" classname="httprequests.httprequests"/>
  <testcase name="deleteUser" time="0.656" classname="httprequests.httprequests"/>
</testsuite> <!-- httprequests.httprequests -->
